Using pre-set license
Built from '2020.2/release' branch; Version is '2020.2.2f1 (068178b99f32) revision 426360'; Using compiler version '192528614'; Build Type 'Release'
OS: 'Windows 10 Enterprise; OS build 18363.1379; Version 1909; 64bit' Language: 'zh' Physical Memory: 32679 MB
BatchMode: 1, IsHumanControllingUs: 0, StartBugReporterOnCrash: 0, Is64bit: 1, IsPro: 0

 COMMAND LINE ARGUMENTS:
D:\UnityEditor\2020.2.2\Editor\Unity.exe
-adb2
-batchMode
-noUpm
-name
AssetImportWorker0
-projectPath
E:/UnityProject/bike-ar
-logFile
Logs/AssetImportWorker0.log
-srvPort
10165
Successfully changed project path to: E:/UnityProject/bike-ar
E:/UnityProject/bike-ar
Using Asset Import Pipeline V2.
Refreshing native plugins compatible for Editor in 22.02 ms, found 0 plugins.
Preloading 0 native plugins for Editor in 0.00 ms.
Initialize engine version: 2020.2.2f1 (068178b99f32)
[Subsystems] Discovering subsystems at path D:/UnityEditor/2020.2.2/Editor/Data/Resources/UnitySubsystems
[Subsystems] Discovering subsystems at path E:/UnityProject/bike-ar/Assets
GfxDevice: creating device client; threaded=0
Direct3D:
    Version:  Direct3D 11.0 [level 11.1]
    Renderer: NVIDIA GeForce GTX 980 Ti (ID=0x17c8)
    Vendor:   
    VRAM:     6097 MB
    Driver:   27.21.14.5671
Initialize mono
Mono path[0] = 'D:/UnityEditor/2020.2.2/Editor/Data/Managed'
Mono path[1] = 'D:/UnityEditor/2020.2.2/Editor/Data/MonoBleedingEdge/lib/mono/unityjit'
Mono config path = 'D:/UnityEditor/2020.2.2/Editor/Data/MonoBleedingEdge/etc'
Using monoOptions --debugger-agent=transport=dt_socket,embedding=1,server=y,suspend=n,address=127.0.0.1:56924
Begin MonoManager ReloadAssembly
Registering precompiled unity dll's ...
Register platform support module: D:/UnityEditor/2020.2.2/Editor/Data/PlaybackEngines/WindowsStandaloneSupport/UnityEditor.WindowsStandalone.Extensions.dll
Registered in 0.000784 seconds.
Native extension for WindowsStandalone target not found
Refreshing native plugins compatible for Editor in 21.72 ms, found 0 plugins.
Preloading 0 native plugins for Editor in 0.00 ms.
Invoked RoslynAnalysisRunner static constructor.
RoslynAnalysisRunner will not be running.
RoslynAnalysisRunner has terminated.
Mono: successfully reloaded assembly
- Completed reload, in  0.682 seconds
Platform modules already initialized, skipping
Registering precompiled user dll's ...
Registered in 0.000404 seconds.
Begin MonoManager ReloadAssembly
Error: Could not load signature of UnityEditor.XR.ARKit.XcodeAssetCatalog:WriteAndAddToPBXProject due to: Could not load file or assembly 'UnityEditor.iOS.Extensions.Xcode, Version=1.0.0.0, Culture=neutral, PublicKeyToken=null' or one of its dependencies. assembly:UnityEditor.iOS.Extensions.Xcode, Version=1.0.0.0, Culture=neutral, PublicKeyToken=null type:<unknown type> member:(null) signature:<none>

Unloading broken assembly Library/ScriptAssemblies/Unity.XR.ARKit.Editor.dll, this assembly can cause crashes in the runtime

Native extension for WindowsStandalone target not found
Refreshing native plugins compatible for Editor in 21.16 ms, found 0 plugins.
Preloading 0 native plugins for Editor in 0.00 ms.
Invoked RoslynAnalysisRunner static constructor.
RoslynAnalysisRunner will not be running.
RoslynAnalysisRunner has terminated.
Mono: successfully reloaded assembly
- Completed reload, in  0.657 seconds
Platform modules already initialized, skipping
========================================================================
Worker process is ready to serve import requests
Launched and connected shader compiler UnityShaderCompiler.exe after 0.04 seconds
Refreshing native plugins compatible for Editor in 0.20 ms, found 0 plugins.
Preloading 0 native plugins for Editor in 0.00 ms.
Unloading 1476 Unused Serialized files (Serialized files now loaded: 0)
System memory in use before: 68.4 MB.
System memory in use after: 68.5 MB.

Unloading 10 unused Assets to reduce memory usage. Loaded Objects now: 1921.
Total: 1.764400 ms (FindLiveObjects: 0.245800 ms CreateObjectMapping: 0.046900 ms MarkObjects: 1.417000 ms  DeleteObjects: 0.053800 ms)

========================================================================
Received Import Request.
  path: Assets/Scripts/ARManualAdjust.cs
  artifactKey: Guid(20ae2eb0f6c42e8449b7b3a09d662b58) Importer(815301076,1909f56bfc062723c751e8b465ee728b)
Start importing Assets/Scripts/ARManualAdjust.cs using Guid(20ae2eb0f6c42e8449b7b3a09d662b58) Importer(815301076,1909f56bfc062723c751e8b465ee728b)  -> (artifact id: '6f766ca6d527f77b5b04eb691aab53d4') in 0.021301 seconds
  Import took 0.023207 seconds .

========================================================================
Received Import Request.
  Time since last request: 0.000246 seconds.
  path: Assets/Mate
  artifactKey: Guid(9e529bd726feedf48b3fecb5ae805f12) Importer(815301076,1909f56bfc062723c751e8b465ee728b)
Start importing Assets/Mate using Guid(9e529bd726feedf48b3fecb5ae805f12) Importer(815301076,1909f56bfc062723c751e8b465ee728b)  -> (artifact id: '624c3484e2696fd03b98995e7f8da17b') in 0.002353 seconds
  Import took 0.004108 seconds .

========================================================================
Received Import Request.
  Time since last request: 48.682946 seconds.
  path: Assets/Scripts/UIManager.cs
  artifactKey: Guid(936b95909ab47c94a9b6d9205bfcab33) Importer(815301076,1909f56bfc062723c751e8b465ee728b)
Start importing Assets/Scripts/UIManager.cs using Guid(936b95909ab47c94a9b6d9205bfcab33) Importer(815301076,1909f56bfc062723c751e8b465ee728b)  -> (artifact id: 'd819df057b64c349ec8b15c4d65a23ca') in 0.002480 seconds
  Import took 0.004316 seconds .

AssetImportWorkerClient::OnTransportError - code=2 error=End of file
